\BOOKMARK [0][-]{dummy.1}{\376\377\000D\000e\000c\000l\000a\000r\000a\000c\000i\000\363\000n\000\040\000d\000e\000\040\000A\000u\000t\000o\000r\000\355\000a}{}% 1
\BOOKMARK [0][-]{dummy.2}{\376\377\000A\000g\000r\000a\000d\000e\000c\000i\000m\000i\000e\000n\000t\000o\000s}{}% 2
\BOOKMARK [0][-]{dummy.3}{\376\377\000R\000e\000s\000u\000m\000e\000n\000\040\000e\000n\000\040\000c\000a\000s\000t\000e\000l\000l\000a\000n\000o}{}% 3
\BOOKMARK [0][-]{dummy.11}{\376\377\000S\000u\000m\000m\000a\000r\000y}{}% 4
\BOOKMARK [0][-]{dummy.13}{\376\377\000L\000i\000s\000t\000\040\000o\000f\000\040\000F\000i\000g\000u\000r\000e\000s}{}% 5
\BOOKMARK [0][-]{dummy.15}{\376\377\000L\000i\000s\000t\000\040\000o\000f\000\040\000T\000a\000b\000l\000e\000s}{}% 6
\BOOKMARK [0][-]{chapter.17}{\376\377\0001\000\040\000I\000n\000t\000r\000o\000d\000u\000c\000t\000i\000o\000n}{}% 7
\BOOKMARK [1][-]{section.18}{\376\377\0001\000.\0001\000\040\000U\000n\000i\000f\000i\000e\000d\000\040\000M\000o\000d\000e\000l\000\040\000o\000f\000\040\000A\000G\000N}{chapter.17}% 8
\BOOKMARK [1][-]{section.26}{\376\377\0001\000.\0002\000\040\000P\000h\000y\000s\000i\000c\000a\000l\000\040\000m\000e\000c\000h\000a\000n\000i\000s\000m\000s\000\040\000o\000f\000\040\000e\000m\000i\000s\000s\000i\000o\000n}{chapter.17}% 9
\BOOKMARK [2][-]{subsection.34}{\376\377\0001\000.\0002\000.\0001\000\040\000P\000r\000i\000m\000a\000r\000y\000\040\000X\000-\000r\000a\000y\000\040\000e\000m\000i\000s\000s\000i\000o\000n}{section.26}% 10
\BOOKMARK [3][-]{subsubsection.35}{\376\377\0001\000.\0002\000.\0001\000.\0001\000\040\000F\000r\000e\000e\000-\000f\000r\000e\000e\000\040\000e\000m\000i\000s\000s\000i\000o\000n}{subsection.34}% 11
\BOOKMARK [3][-]{subsubsection.36}{\376\377\0001\000.\0002\000.\0001\000.\0002\000\040\000S\000y\000c\000r\000o\000t\000r\000o\000n\000\040\000e\000m\000i\000s\000s\000i\000o\000n}{subsection.34}% 12
\BOOKMARK [3][-]{subsubsection.37}{\376\377\0001\000.\0002\000.\0001\000.\0003\000\040\000I\000n\000v\000e\000r\000s\000e\000\040\000C\000o\000m\000p\000t\000o\000n\000\040\000s\000c\000a\000t\000t\000e\000r\000i\000n\000g}{subsection.34}% 13
\BOOKMARK [2][-]{subsection.38}{\376\377\0001\000.\0002\000.\0002\000\040\000X\000-\000r\000a\000y\000\040\000r\000e\000f\000l\000e\000c\000t\000i\000o\000n}{section.26}% 14
\BOOKMARK [2][-]{subsection.39}{\376\377\0001\000.\0002\000.\0003\000\040\000F\000e\000\040\000e\000m\000i\000s\000s\000i\000o\000n\000\040\000l\000i\000n\000e}{section.26}% 15
\BOOKMARK [2][-]{subsection.40}{\376\377\0001\000.\0002\000.\0004\000\040\000E\000m\000i\000s\000s\000i\000o\000n\000\040\000i\000n\000\040\000t\000h\000e\000\040\000U\000V\000/\000O\000p\000t\000i\000c\000a\000l\000\040\000r\000a\000n\000g\000e}{section.26}% 16
\BOOKMARK [3][-]{subsubsection.42}{\376\377\0001\000.\0002\000.\0004\000.\0001\000\040\000U\000V\000/\000O\000p\000t\000i\000c\000a\000l\000\040\000c\000o\000n\000t\000i\000n\000u\000u\000m}{subsection.40}% 17
\BOOKMARK [3][-]{subsubsection.43}{\376\377\0001\000.\0002\000.\0004\000.\0002\000\040\000E\000m\000i\000s\000s\000i\000o\000n\000\040\000l\000i\000n\000e\000s}{subsection.40}% 18
\BOOKMARK [1][-]{section.44}{\376\377\0001\000.\0003\000\040\000C\000l\000a\000s\000s\000i\000f\000i\000c\000a\000t\000i\000o\000n\000\040\000o\000f\000\040\000A\000G\000N}{chapter.17}% 19
\BOOKMARK [1][-]{section.47}{\376\377\0001\000.\0004\000\040\000A\000b\000s\000o\000r\000p\000t\000i\000o\000n\000\040\000a\000n\000d\000\040\000o\000b\000s\000c\000u\000r\000a\000t\000i\000o\000n}{chapter.17}% 20
\BOOKMARK [1][-]{section.51}{\376\377\0001\000.\0005\000\040\000A\000i\000m\000s\000\040\000o\000f\000\040\000t\000h\000i\000s\000\040\000t\000h\000e\000s\000i\000s}{chapter.17}% 21
\BOOKMARK [0][-]{chapter.55}{\376\377\0002\000\040\000I\000n\000s\000t\000r\000u\000m\000e\000n\000t\000a\000t\000i\000o\000n}{}% 22
\BOOKMARK [1][-]{section.56}{\376\377\0002\000.\0001\000\040\000X\000-\000r\000a\000y\000\040\000o\000b\000s\000e\000r\000v\000a\000t\000i\000o\000n\000s}{chapter.55}% 23
\BOOKMARK [2][-]{subsection.57}{\376\377\0002\000.\0001\000.\0001\000\040\000X\000M\000M\000-\000N\000e\000w\000t\000o\000n}{section.56}% 24
\BOOKMARK [1][-]{section.58}{\376\377\0002\000.\0002\000\040\000G\000r\000o\000u\000n\000d\000\040\000b\000a\000s\000e\000d\000\040\000t\000e\000l\000e\000s\000c\000o\000p\000e\000s}{chapter.55}% 25
\BOOKMARK [2][-]{subsection.59}{\376\377\0002\000.\0002\000.\0001\000\040\000L\000o\000n\000g\000\040\000S\000l\000i\000t\000\040\000s\000p\000e\000c\000t\000r\000a\000\040\000f\000r\000o\000m\000\040\000o\000p\000t\000i\000c\000a\000l\000\040\000t\000e\000l\000e\000s\000c\000o\000p\000e\000s}{section.58}% 26
\BOOKMARK [2][-]{subsection.60}{\376\377\0002\000.\0002\000.\0002\000\040\000F\000i\000b\000e\000r\000\040\000s\000p\000e\000c\000t\000r\000a\000\040\000f\000r\000o\000m\000\040\000S\000D\000S\000S\000\040\000s\000u\000r\000v\000e\000y}{section.58}% 27
\BOOKMARK [0][-]{chapter.61}{\376\377\0003\000\040\000T\000h\000e\000\040\000B\000U\000X\000S\000\040\000S\000a\000m\000p\000l\000e}{}% 28
\BOOKMARK [1][-]{section.62}{\376\377\0003\000.\0001\000\040\000S\000a\000m\000p\000l\000e\000\040\000d\000e\000f\000i\000n\000i\000t\000i\000o\000n}{chapter.61}% 29
\BOOKMARK [1][-]{section.63}{\376\377\0003\000.\0002\000\040\000X\000-\000r\000a\000y\000\040\000m\000o\000d\000e\000l\000i\000n\000g}{chapter.61}% 30
\BOOKMARK [1][-]{section.64}{\376\377\0003\000.\0003\000\040\000O\000p\000t\000i\000c\000a\000l\000\040\000s\000p\000e\000c\000t\000r\000a\000l\000\040\000c\000o\000n\000t\000i\000n\000u\000u\000m\000\040\000m\000o\000d\000e\000l\000i\000n\000g}{chapter.61}% 31
\BOOKMARK [1][-]{section.65}{\376\377\0003\000.\0004\000\040\000O\000p\000t\000i\000c\000a\000l\000\040\000e\000m\000i\000s\000i\000o\000n\000\040\000l\000i\000n\000e\000s\000\040\000f\000i\000t\000s}{chapter.61}% 32
\BOOKMARK [1][-]{section.66}{\376\377\0003\000.\0005\000\040\000S\000u\000b\000s\000a\000m\000p\000l\000e\000\040\000u\000s\000e\000d\000\040\000i\000n\000\040\000t\000h\000i\000s\000\040\000t\000h\000e\000s\000i\000s}{chapter.61}% 33
\BOOKMARK [0][-]{chapter.67}{\376\377\0004\000\040\000D\000e\000t\000a\000i\000l\000e\000d\000\040\000m\000o\000d\000e\000l\000i\000n\000g\000\040\000o\000f\000\040\000t\000w\000o\000\040\000s\000o\000u\000r\000c\000e\000s}{}% 34
\BOOKMARK [1][-]{section.68}{\376\377\0004\000.\0001\000\040\000S\000u\000b\000s\000a\000m\000p\000l\000e\000\040\000o\000f\000\040\000t\000w\000o\000\040\000o\000b\000j\000e\000c\000t\000s}{chapter.67}% 35
\BOOKMARK [1][-]{section.69}{\376\377\0004\000.\0002\000\040\000X\000-\000r\000a\000y\000\040\000p\000r\000o\000p\000e\000r\000t\000i\000e\000s}{chapter.67}% 36
\BOOKMARK [1][-]{section.70}{\376\377\0004\000.\0003\000\040\000U\000V\000-\000t\000o\000\040\000N\000I\000R\000\040\000o\000b\000s\000e\000r\000v\000a\000t\000i\000o\000n\000s}{chapter.67}% 37
\BOOKMARK [1][-]{section.71}{\376\377\0004\000.\0004\000\040\000A\000n\000a\000l\000y\000s\000i\000s\000\040\000a\000n\000d\000\040\000r\000e\000s\000u\000l\000t\000s}{chapter.67}% 38
\BOOKMARK [2][-]{subsection.72}{\376\377\0004\000.\0004\000.\0001\000\040\000A\000G\000N\000\040\000a\000n\000d\000\040\000h\000o\000s\000t\000\040\000g\000a\000l\000a\000x\000y\000\040\000c\000o\000n\000t\000i\000n\000u\000u\000m\000\040\000d\000e\000c\000o\000m\000p\000o\000s\000i\000t\000i\000o\000n}{section.71}% 39
\BOOKMARK [2][-]{subsection.73}{\376\377\0004\000.\0004\000.\0002\000\040\000N\000a\000r\000r\000o\000w\000\040\000a\000n\000d\000\040\000b\000r\000o\000a\000d\000\040\000l\000i\000n\000e\000\040\000B\000a\000l\000m\000e\000r\000\040\000d\000e\000c\000r\000e\000m\000e\000n\000t\000s}{section.71}% 40
\BOOKMARK [2][-]{subsection.74}{\376\377\0004\000.\0004\000.\0003\000\040\000S\000M\000B\000H\000\040\000m\000a\000s\000s\000e\000s}{section.71}% 41
\BOOKMARK [2][-]{subsection.75}{\376\377\0004\000.\0004\000.\0004\000\040\000H\000o\000s\000t\000\040\000g\000a\000l\000a\000x\000y\000\040\000m\000a\000s\000s\000e\000s}{section.71}% 42
\BOOKMARK [3][-]{subsubsection.76}{\376\377\0004\000.\0004\000.\0004\000.\0001\000\040\000S\000t\000e\000l\000l\000a\000r\000\040\000m\000a\000s\000s\000e\000s}{subsection.75}% 43
\BOOKMARK [3][-]{subsubsection.77}{\376\377\0004\000.\0004\000.\0004\000.\0002\000\040\000D\000y\000n\000a\000m\000i\000c\000a\000l\000\040\000m\000a\000s\000s\000e\000s}{subsection.75}% 44
\BOOKMARK [1][-]{section.78}{\376\377\0004\000.\0005\000\040\000D\000i\000s\000c\000u\000s\000s\000i\000o\000n}{chapter.67}% 45
\BOOKMARK [2][-]{subsection.79}{\376\377\0004\000.\0005\000.\0001\000\040\000C\000o\000m\000p\000t\000o\000n\000-\000t\000h\000i\000c\000k\000\040\000o\000r\000\040\000C\000o\000m\000p\000t\000o\000n\000-\000t\000h\000i\000n\000\040\000o\000b\000s\000c\000u\000r\000a\000t\000i\000o\000n}{section.78}% 46
\BOOKMARK [2][-]{subsection.80}{\376\377\0004\000.\0005\000.\0002\000\040\000H\000o\000s\000t\000\040\000d\000i\000l\000u\000t\000i\000o\000n}{section.78}% 47
\BOOKMARK [2][-]{subsection.81}{\376\377\0004\000.\0005\000.\0003\000\040\000D\000u\000s\000t\000-\000t\000o\000-\000g\000a\000s\000\040\000r\000a\000t\000i\000o\000\040\000o\000t\000\040\000t\000h\000e\000\040\000o\000b\000s\000c\000u\000r\000i\000n\000g\000\040\000m\000e\000d\000i\000u\000m}{section.78}% 48
\BOOKMARK [2][-]{subsection.82}{\376\377\0004\000.\0005\000.\0004\000\040\000I\000n\000t\000r\000i\000n\000s\000i\000c\000a\000l\000l\000y\000\040\000w\000e\000a\000k\000\040\000B\000L\000R\000\040\000r\000e\000g\000i\000o\000n}{section.78}% 49
\BOOKMARK [2][-]{subsection.83}{\376\377\0004\000.\0005\000.\0005\000\040\000V\000a\000r\000i\000a\000b\000i\000l\000i\000t\000y}{section.78}% 50
\BOOKMARK [1][-]{section.84}{\376\377\0004\000.\0006\000\040\000R\000e\000s\000u\000l\000t\000s}{chapter.67}% 51
\BOOKMARK [0][-]{chapter.85}{\376\377\0005\000\040\000A\000n\000a\000l\000y\000s\000i\000s\000\040\000o\000f\000\040\000B\000U\000X\000S\000\040\000s\000a\000m\000p\000l\000e}{}% 52
\BOOKMARK [1][-]{section.86}{\376\377\0005\000.\0001\000\040\000S\000a\000m\000p\000l\000e\000\040\000d\000e\000f\000i\000n\000i\000t\000i\000o\000n}{chapter.85}% 53
\BOOKMARK [1][-]{section.87}{\376\377\0005\000.\0002\000\040\000X\000-\000r\000a\000y\000\040\000a\000n\000d\000\040\000o\000p\000t\000i\000c\000a\000l}{chapter.85}% 54
\BOOKMARK [2][-]{subsection.88}{\376\377\0005\000.\0002\000.\0001\000\040\000X\000-\000r\000a\000y\000\040\000p\000r\000o\000p\000e\000r\000t\000i\000e\000s}{section.87}% 55
\BOOKMARK [2][-]{subsection.89}{\376\377\0005\000.\0002\000.\0002\000\040\000O\000p\000t\000i\000c\000a\000l\000\040\000s\000p\000e\000c\000t\000r\000u\000m\000\040\000f\000i\000t\000s}{section.87}% 56
\BOOKMARK [3][-]{subsubsection.90}{\376\377\0005\000.\0002\000.\0002\000.\0001\000\040\000S\000E\000D\000\040\000A\000v\000\040\000v\000s\000\040\000s\000p\000e\000c\000t\000r\000u\000m\000\040\000A\000v}{subsection.89}% 57
\BOOKMARK [3][-]{subsubsection.91}{\376\377\0005\000.\0002\000.\0002\000.\0002\000\040\000B\000a\000l\000m\000e\000r\000\040\000d\000e\000c\000r\000e\000m\000e\000n\000t\000\040\000A\000v\000\040\000v\000s\000\040\000s\000p\000e\000c\000t\000r\000u\000m\000\040\000A\000v}{subsection.89}% 58
\BOOKMARK [1][-]{section.92}{\376\377\0005\000.\0003\000\040\000S\000u\000b\000d\000i\000v\000i\000s\000i\000o\000n\000\040\000i\000n\000\040\000S\000e\000y\000f\000e\000r\000t\000\040\000s\000u\000b\000c\000l\000a\000s\000e\000s}{chapter.85}% 59
\BOOKMARK [1][-]{section.93}{\376\377\0005\000.\0004\000\040\000O\000p\000t\000i\000c\000a\000l\000\040\000e\000x\000t\000i\000n\000c\000t\000i\000o\000n\000\040\000v\000e\000r\000s\000u\000s\000\040\000X\000-\000r\000a\000y\000\040\000a\000b\000s\000o\000r\000p\000t\000i\000o\000n}{chapter.85}% 60
\BOOKMARK [1][-]{section.94}{\376\377\0005\000.\0005\000\040\000D\000u\000s\000t\000-\000t\000o\000-\000g\000a\000s\000\040\000r\000a\000t\000i\000o}{chapter.85}% 61
\BOOKMARK [1][-]{section.95}{\376\377\0005\000.\0006\000\040\000B\000o\000l\000o\000m\000e\000t\000r\000i\000c\000\040\000l\000u\000m\000i\000n\000o\000s\000i\000t\000y\000\040\000a\000n\000d\000\040\000B\000o\000l\000o\000m\000e\000t\000r\000i\000c\000\040\000c\000o\000r\000r\000e\000c\000t\000i\000o\000n}{chapter.85}% 62
\BOOKMARK [1][-]{section.96}{\376\377\0005\000.\0007\000\040\000C\000o\000n\000c\000l\000u\000s\000i\000o\000n\000s\000\040\000o\000f\000\040\000t\000h\000e\000\040\000s\000t\000a\000t\000i\000s\000t\000i\000c\000a\000l\000\040\000s\000t\000u\000d\000y}{chapter.85}% 63
\BOOKMARK [0][-]{chapter.97}{\376\377\0006\000\040\000C\000o\000n\000c\000l\000u\000s\000i\000o\000n\000s\000\040\000a\000n\000d\000\040\000f\000u\000t\000u\000r\000e\000\040\000w\000o\000r\000k}{}% 64
\BOOKMARK [1][-]{section.98}{\376\377\0006\000.\0001\000\040\000C\000o\000n\000c\000l\000u\000s\000i\000o\000n\000s\000\040\000o\000f\000\040\000t\000h\000i\000s\000\040\000t\000h\000e\000s\000i\000s}{chapter.97}% 65
\BOOKMARK [2][-]{subsection.99}{\376\377\0006\000.\0001\000.\0001\000\040\000D\000e\000t\000a\000i\000l\000e\000d\000\040\000a\000n\000a\000l\000y\000s\000i\000s\000\040\000o\000f\000\040\000t\000w\000o\000\040\000X\000-\000r\000a\000y\000\040\000u\000n\000a\000b\000s\000o\000r\000b\000e\000d\000\040\000t\000y\000p\000e\000-\0002\000\040\000o\000b\000j\000e\000c\000t\000s}{section.98}% 66
\BOOKMARK [2][-]{subsection.100}{\376\377\0006\000.\0001\000.\0002\000\040\000O\000p\000t\000i\000c\000a\000l\000\040\000e\000x\000t\000i\000n\000c\000t\000i\000o\000n\000\040\000a\000n\000d\000\040\000X\000-\000r\000a\000y\000\040\000a\000b\000s\000o\000r\000p\000t\000i\000o\000n\000\040\000o\000f\000\040\000a\000\040\000c\000o\000m\000p\000l\000e\000t\000e\000\040\000t\000y\000p\000e\000-\0001\000\040\000s\000a\000m\000p\000l\000e}{section.98}% 67
\BOOKMARK [1][-]{section.101}{\376\377\0006\000.\0002\000\040\000F\000u\000t\000u\000r\000e\000\040\000w\000o\000r\000k}{chapter.97}% 68
\BOOKMARK [0][-]{appendix.102}{\376\377\000A\000\040\000T\000a\000b\000l\000e\000s\000\040}{}% 69
\BOOKMARK [0][-]{dummy.103}{\376\377\000R\000e\000f\000e\000r\000e\000n\000c\000e\000s}{}% 70
